<?xml version="1.0" encoding="UTF-8"?>
<!-- Generated by org.testng.reporters.JUnitReportReporter -->
<testsuite hostname="BLRKEC266430L" name="myProject.MyClass" tests="1" failures="0" timestamp="18 Nov 2019 06:17:36 GMT" time="0.027" errors="0">
  <testcase name="myMethod" time="0.027" classname="myProject.MyClass"/>
</testsuite> <!-- myProject.MyClass -->
